<?xml version="1.0" encoding="utf-8"?><testsuites name="pytest tests"><testsuite name="pytest" errors="0" failures="0" skipped="0" tests="26" time="9.305" timestamp="2026-07-09T14:57:44.704544+00:00" hostname="agent-env-1dc9f945-8904-4708-bd75-cbd3a6449922"><testcase classname="tests.backend_test.TestAuth" name="test_register_ok" time="0.532" /><testcase classname="tests.backend_test.TestAuth" name="test_register_duplicate" time="0.234" /><testcase classname="tests.backend_test.TestExpenses" name="test_create_expense" time="0.814" /><testcase classname="tests.backend_test.TestAuth" name="test_login_success" time="0.327" /><testcase classname="tests.backend_test.TestExpenses" name="test_create_invalid_category" time="0.233" /><testcase classname="tests.backend_test.TestExpenses" name="test_create_without_auth" time="0.088" /><testcase classname="tests.backend_test.TestAuth" name="test_login_wrong_password" time="0.293" /><testcase classname="tests.backend_test.TestExpenses" name="test_list_expenses" time="0.246" /><testcase classname="tests.backend_test.TestExpenses" name="test_filter_by_category" time="0.111" /><testcase classname="tests.backend_test.TestAuth" name="test_login_unknown_user" time="0.051" /><testcase classname="tests.backend_test.TestAuth" name="test_me_with_token" time="0.054" /><testcase classname="tests.backend_test.TestExpenses" name="test_filter_by_q" time="0.047" /><testcase classname="tests.backend_test.TestAuth" name="test_me_without_token" time="0.091" /><testcase classname="tests.backend_test.TestExpenses" name="test_filter_by_amount_and_date" time="0.050" /><testcase classname="tests.backend_test.TestAuth" name="test_session_invalid" time="0.222" /><testcase classname="tests.backend_test.TestExpenses" name="test_update_expense" time="0.131" /><testcase classname="tests.backend_test.TestExpenses" name="test_delete_expense" time="0.130" /><testcase classname="tests.backend_test.TestAnalytics" name="test_summary_periods[daily]" time="0.063" /><testcase classname="tests.backend_test" name="test_root" time="0.046" /><testcase classname="tests.backend_test.TestAnalytics" name="test_summary_periods[weekly]" time="0.099" /><testcase classname="tests.backend_test" name="test_categories" time="0.047" /><testcase classname="tests.backend_test.TestOCR" name="test_ocr_without_auth" time="0.048" /><testcase classname="tests.backend_test.TestAnalytics" name="test_summary_periods[monthly]" time="0.090" /><testcase classname="tests.backend_test.TestOCR" name="test_ocr_receipt" time="6.603" /><testcase classname="tests.backend_test.TestAnalytics" name="test_summary_periods[yearly]" time="0.055" /><testcase classname="tests.backend_test.TestProfile" name="test_update_profile" time="0.099" /></testsuite></testsuites>