<?xml version="1.0" encoding="utf-8"?><testsuites name="pytest tests"><testsuite name="pytest" errors="0" failures="0" skipped="0" tests="26" time="10.704" timestamp="2026-07-09T14:45:11.356492+00:00" hostname="agent-env-1dc9f945-8904-4708-bd75-cbd3a6449922"><testcase classname="tests.backend_test.TestAuth" name="test_register_ok" time="0.723" /><testcase classname="tests.backend_test.TestExpenses" name="test_create_expense" time="0.771" /><testcase classname="tests.backend_test.TestAuth" name="test_register_duplicate" time="0.049" /><testcase classname="tests.backend_test.TestExpenses" name="test_create_invalid_category" time="0.045" /><testcase classname="tests.backend_test.TestAuth" name="test_login_success" time="0.276" /><testcase classname="tests.backend_test.TestExpenses" name="test_create_without_auth" time="0.232" /><testcase classname="tests.backend_test.TestAuth" name="test_login_wrong_password" time="0.277" /><testcase classname="tests.backend_test.TestExpenses" name="test_list_expenses" time="0.278" /><testcase classname="tests.backend_test.TestAuth" name="test_login_unknown_user" time="0.049" /><testcase classname="tests.backend_test.TestExpenses" name="test_filter_by_category" time="0.103" /><testcase classname="tests.backend_test.TestAuth" name="test_me_with_token" time="0.053" /><testcase classname="tests.backend_test.TestAuth" name="test_me_without_token" time="0.048" /><testcase classname="tests.backend_test.TestExpenses" name="test_filter_by_q" time="0.042" /><testcase classname="tests.backend_test.TestExpenses" name="test_filter_by_amount_and_date" time="0.047" /><testcase classname="tests.backend_test.TestAuth" name="test_session_invalid" time="0.291" /><testcase classname="tests.backend_test.TestExpenses" name="test_update_expense" time="0.102" /><testcase classname="tests.backend_test.TestExpenses" name="test_delete_expense" time="0.089" /><testcase classname="tests.backend_test" name="test_root" time="0.045" /><testcase classname="tests.backend_test" name="test_categories" time="0.044" /><testcase classname="tests.backend_test.TestAnalytics" name="test_summary_periods[daily]" time="0.094" /><testcase classname="tests.backend_test.TestOCR" name="test_ocr_without_auth" time="0.042" /><testcase classname="tests.backend_test.TestOCR" name="test_ocr_receipt" time="8.167" /><testcase classname="tests.backend_test.TestAnalytics" name="test_summary_periods[weekly]" time="0.048" /><testcase classname="tests.backend_test.TestAnalytics" name="test_summary_periods[monthly]" time="0.051" /><testcase classname="tests.backend_test.TestAnalytics" name="test_summary_periods[yearly]" time="0.051" /><testcase classname="tests.backend_test.TestProfile" name="test_update_profile" time="0.113" /></testsuite></testsuites>